  pch.cpp
  EventLogTests.cpp
  EventTests.cpp
  Generating Code...
  LINK : C:\Users\rishe\Source\Repos\C++\Scenes\x64\Debug\ScenesTests.dll not found or not built by the last incremental link; performing full link
C:\Program Files\Microsoft Visual Studio\2022\Community\MSBuild\Microsoft\VC\v170\Microsoft.CppCommon.targets(1092,5): error MSB6006: "link.exe" exited with code 1104.
LINK : fatal error LNK1104: cannot open file 'C:\Users\rishe\Source\Repos\C++\Scenes\bin\Debug\Scenes.lib'
